[GPU 2] Epoch 1/5 | Loss: 30.5518 | Acc: 0.8888 | Time: 11.14s
[GPU 0] Epoch 1/5 | Loss: 29.4886 | Acc: 0.8902 | Time: 11.17s
[GPU 1] Epoch 1/5 | Loss: 29.5199 | Acc: 0.8892 | Time: 11.17s
[GPU 0] Epoch 2/5 | Loss: 3.0409 | Acc: 0.9926 | Time: 9.24s
[GPU 1] Epoch 2/5 | Loss: 2.4363 | Acc: 0.9934 | Time: 9.33s[GPU 2] Epoch 2/5 | Loss: 2.3954 | Acc: 0.9934 | Time: 9.36s

[GPU 0] Epoch 3/5 | Loss: 1.3510 | Acc: 0.9968 | Time: 9.20s
[GPU 2] Epoch 3/5 | Loss: 1.2449 | Acc: 0.9972 | Time: 9.27s
[GPU 1] Epoch 3/5 | Loss: 1.4745 | Acc: 0.9950 | Time: 9.31s
[GPU 2] Epoch 4/5 | Loss: 1.3314 | Acc: 0.9962 | Time: 9.24s
[GPU 1] Epoch 4/5 | Loss: 1.0370 | Acc: 0.9970 | Time: 9.20s
[GPU 0] Epoch 4/5 | Loss: 1.4602 | Acc: 0.9956 | Time: 9.19s
[GPU 0] Epoch 5/5 | Loss: 0.6056 | Acc: 0.9996 | Time: 9.28s
[GPU 2] Epoch 5/5 | Loss: 0.4300 | Acc: 0.9990 | Time: 9.38s
[GPU 2] Total training time: 48.40 seconds
[GPU 1] Epoch 5/5 | Loss: 0.2457 | Acc: 0.9994 | Time: 9.38s
[GPU 1] Total training time: 48.40 seconds
[GPU 0] Total training time: 48.09 seconds
[GPU 0] Speedup: 12.48
[GPU 0] Efficiency: 4.16
Model saved to models/v100-sxm2/model_ddp_amp_v100-sxm2_3gpu.pth
Training metrics saved to training_metrics/v100-sxm2_metrics_ddp_amp_3gpu.npz
