[GPU 1] Epoch 1/5 | Loss: 29.4262 | Acc: 0.8880 | Time: 22.92s
[GPU 0] Epoch 1/5 | Loss: 29.4420 | Acc: 0.8936 | Time: 22.95s
[GPU 2] Epoch 1/5 | Loss: 30.7904 | Acc: 0.8866 | Time: 22.96s
[GPU 1] Epoch 2/5 | Loss: 2.5285 | Acc: 0.9936 | Time: 16.29s
[GPU 0] Epoch 2/5 | Loss: 2.8351 | Acc: 0.9926 | Time: 16.16s
[GPU 2] Epoch 2/5 | Loss: 2.6054 | Acc: 0.9906 | Time: 16.27s
[GPU 1] Epoch 3/5 | Loss: 1.6848 | Acc: 0.9958 | Time: 16.24s
[GPU 0] Epoch 3/5 | Loss: 1.4254 | Acc: 0.9956 | Time: 16.18s
[GPU 2] Epoch 3/5 | Loss: 1.1374 | Acc: 0.9960 | Time: 16.26s
[GPU 1] Epoch 4/5 | Loss: 0.9927 | Acc: 0.9978 | Time: 16.33s
[GPU 0] Epoch 4/5 | Loss: 0.9278 | Acc: 0.9976 | Time: 16.23s
[GPU 2] Epoch 4/5 | Loss: 0.7300 | Acc: 0.9976 | Time: 16.31s
[GPU 0] Epoch 5/5 | Loss: 0.6428 | Acc: 0.9990 | Time: 16.21s
[GPU 2] Epoch 5/5 | Loss: 0.8909 | Acc: 0.9976 | Time: 16.30s[GPU 1] Epoch 5/5 | Loss: 0.7893 | Acc: 0.9982 | Time: 16.33s

[GPU 2] Total training time: 88.10 seconds[GPU 1] Total training time: 88.11 seconds

[GPU 0] Total training time: 87.72 seconds
[GPU 0] Speedup: 6.84
[GPU 0] Efficiency: 2.28
Model saved to models/v100-sxm2/model_ddp_v100-sxm2_3gpu.pth
Training metrics saved to training_metrics/v100-sxm2_metrics_3gpu.npz
