[GPU 2] Epoch 1/5 | Loss: 23.9867 | Acc: 0.8928 | Time: 17.10s
[GPU 1] Epoch 1/5 | Loss: 22.8962 | Acc: 0.8957 | Time: 16.46s
[GPU 0] Epoch 1/5 | Loss: 24.6959 | Acc: 0.8733 | Time: 17.15s
[GPU 3] Epoch 1/5 | Loss: 24.0406 | Acc: 0.8864 | Time: 16.46s
[GPU 1] Epoch 2/5 | Loss: 1.7863 | Acc: 0.9899 | Time: 13.06s
[GPU 0] Epoch 2/5 | Loss: 1.7779 | Acc: 0.9907 | Time: 12.99s
[GPU 2] Epoch 2/5 | Loss: 1.7399 | Acc: 0.9928 | Time: 13.11s
[GPU 3] Epoch 2/5 | Loss: 2.2832 | Acc: 0.9872 | Time: 13.07s
[GPU 2] Epoch 3/5 | Loss: 0.9671 | Acc: 0.9968 | Time: 13.38s
[GPU 1] Epoch 3/5 | Loss: 0.9887 | Acc: 0.9952 | Time: 13.43s
[GPU 0] Epoch 3/5 | Loss: 0.9892 | Acc: 0.9955 | Time: 13.32s
[GPU 3] Epoch 3/5 | Loss: 0.9833 | Acc: 0.9963 | Time: 13.40s
[GPU 2] Epoch 4/5 | Loss: 0.2799 | Acc: 0.9992 | Time: 13.64s
[GPU 0] Epoch 4/5 | Loss: 0.4201 | Acc: 0.9981 | Time: 13.52s
[GPU 3] Epoch 4/5 | Loss: 0.3422 | Acc: 0.9987 | Time: 13.64s
[GPU 1] Epoch 4/5 | Loss: 0.3969 | Acc: 0.9981 | Time: 13.64s
[GPU 3] Epoch 5/5 | Loss: 0.2235 | Acc: 0.9989 | Time: 13.33s
[GPU 3] Total training time: 69.90 seconds
[GPU 1] Epoch 5/5 | Loss: 0.2252 | Acc: 0.9987 | Time: 13.33s
[GPU 1] Total training time: 69.91 seconds
[GPU 0] Epoch 5/5 | Loss: 0.2081 | Acc: 0.9992 | Time: 13.32s
[GPU 2] Epoch 5/5 | Loss: 0.2327 | Acc: 0.9992 | Time: 13.40s
[GPU 2] Total training time: 70.62 seconds
[GPU 0] Total training time: 70.30 seconds
[GPU 0] Speedup: 8.53
[GPU 0] Efficiency: 2.13
Model saved to models/v100-sxm2/model_fsdp_v100-sxm2_4gpu.pth
Training metrics saved to training_metrics/v100-sxm2_metrics_fsdp_4gpu.npz
