[GPU 3] Epoch 1/5 | Loss: 26.2384 | Acc: 0.8805 | Time: 13.00s
[GPU 1] Epoch 1/5 | Loss: 25.2129 | Acc: 0.8779 | Time: 12.58s
[GPU 0] Epoch 1/5 | Loss: 26.4944 | Acc: 0.8720 | Time: 13.27s
[GPU 2] Epoch 1/5 | Loss: 26.4854 | Acc: 0.8728 | Time: 13.28s
[GPU 2] Epoch 2/5 | Loss: 1.7347 | Acc: 0.9923 | Time: 8.72s
[GPU 3] Epoch 2/5 | Loss: 2.2365 | Acc: 0.9899 | Time: 8.77s
[GPU 1] Epoch 2/5 | Loss: 2.2256 | Acc: 0.9869 | Time: 8.76s
[GPU 0] Epoch 2/5 | Loss: 2.0370 | Acc: 0.9915 | Time: 8.69s
[GPU 1] Epoch 3/5 | Loss: 0.8793 | Acc: 0.9968 | Time: 8.88s
[GPU 3] Epoch 3/5 | Loss: 0.7797 | Acc: 0.9971 | Time: 8.90s
[GPU 2] Epoch 3/5 | Loss: 1.0323 | Acc: 0.9952 | Time: 8.93s
[GPU 0] Epoch 3/5 | Loss: 0.9506 | Acc: 0.9955 | Time: 8.84s
[GPU 0] Epoch 4/5 | Loss: 0.3695 | Acc: 0.9987 | Time: 8.68s
[GPU 1] Epoch 4/5 | Loss: 0.5328 | Acc: 0.9981 | Time: 8.81s[GPU 3] Epoch 4/5 | Loss: 0.5495 | Acc: 0.9973 | Time: 8.80s

[GPU 2] Epoch 4/5 | Loss: 0.5372 | Acc: 0.9976 | Time: 8.79s
[GPU 0] Epoch 5/5 | Loss: 0.3370 | Acc: 0.9987 | Time: 8.74s
[GPU 2] Epoch 5/5 | Loss: 0.1971 | Acc: 0.9995 | Time: 8.81s
[GPU 2] Total training time: 48.52 seconds
[GPU 1] Epoch 5/5 | Loss: 0.2521 | Acc: 0.9992 | Time: 8.81s[GPU 3] Epoch 5/5 | Loss: 0.2649 | Acc: 0.9997 | Time: 8.81s

[GPU 1] Total training time: 47.85 seconds
[GPU 3] Total training time: 48.28 seconds
[GPU 0] Total training time: 48.22 seconds
[GPU 0] Speedup: 12.44
[GPU 0] Efficiency: 3.11
Before Save Model
Model saved to models/v100-sxm2/model_fsdp_amp_v100-sxm2_4gpu.pth
Before train metrics
Training metrics saved to training_metrics/v100-sxm2_metrics_fsdp_amp_4gpu.npz
