[GPU 2] Epoch 1/5 | Loss: 29.5004 | Acc: 0.8856 | Time: 17.97s
[GPU 0] Epoch 1/5 | Loss: 28.7011 | Acc: 0.8890 | Time: 17.99s
[GPU 1] Epoch 1/5 | Loss: 28.0550 | Acc: 0.8962 | Time: 17.97s
[GPU 1] Epoch 2/5 | Loss: 2.4168 | Acc: 0.9938 | Time: 16.13s
[GPU 0] Epoch 2/5 | Loss: 3.1328 | Acc: 0.9926 | Time: 16.08s
[GPU 2] Epoch 2/5 | Loss: 2.7634 | Acc: 0.9912 | Time: 16.15s
[GPU 1] Epoch 3/5 | Loss: 1.2219 | Acc: 0.9956 | Time: 16.23s
[GPU 0] Epoch 3/5 | Loss: 1.7234 | Acc: 0.9968 | Time: 16.18s
[GPU 2] Epoch 3/5 | Loss: 1.0947 | Acc: 0.9972 | Time: 16.23s
[GPU 1] Epoch 4/5 | Loss: 0.6018 | Acc: 0.9990 | Time: 16.53s
[GPU 0] Epoch 4/5 | Loss: 0.9506 | Acc: 0.9978 | Time: 16.42s
[GPU 2] Epoch 4/5 | Loss: 0.7348 | Acc: 0.9986 | Time: 16.53s
[GPU 0] Epoch 5/5 | Loss: 0.7286 | Acc: 0.9978 | Time: 16.26s
[GPU 2] Epoch 5/5 | Loss: 1.1145 | Acc: 0.9968 | Time: 16.35s
[GPU 2] Total training time: 83.23 seconds
[GPU 1] Epoch 5/5 | Loss: 0.6926 | Acc: 0.9984 | Time: 16.38s
[GPU 1] Total training time: 83.23 seconds
[GPU 0] Total training time: 82.93 seconds
[GPU 0] Speedup: 7.24
[GPU 0] Efficiency: 2.41
Model saved to models/v100-sxm2/model_fsdp_v100-sxm2_3gpu.pth
Training metrics saved to training_metrics/v100-sxm2_metrics_fsdp_3gpu.npz
