[GPU 3] Epoch 1/5 | Loss: 24.9273 | Acc: 0.8805 | Time: 19.01s
[GPU 2] Epoch 1/5 | Loss: 25.1445 | Acc: 0.8843 | Time: 19.01s
[GPU 1] Epoch 1/5 | Loss: 24.1928 | Acc: 0.8861 | Time: 19.01s
[GPU 0] Epoch 1/5 | Loss: 25.4845 | Acc: 0.8763 | Time: 19.13s
[GPU 2] Epoch 2/5 | Loss: 1.7140 | Acc: 0.9920 | Time: 14.70s
[GPU 1] Epoch 2/5 | Loss: 1.8727 | Acc: 0.9899 | Time: 14.72s
[GPU 3] Epoch 2/5 | Loss: 2.0957 | Acc: 0.9893 | Time: 14.74s
[GPU 0] Epoch 2/5 | Loss: 1.8153 | Acc: 0.9912 | Time: 14.18s
[GPU 2] Epoch 3/5 | Loss: 0.8278 | Acc: 0.9968 | Time: 14.39s
[GPU 3] Epoch 3/5 | Loss: 0.7634 | Acc: 0.9968 | Time: 14.36s
[GPU 1] Epoch 3/5 | Loss: 0.7493 | Acc: 0.9973 | Time: 14.42s
[GPU 0] Epoch 3/5 | Loss: 0.8291 | Acc: 0.9957 | Time: 14.14s
[GPU 2] Epoch 4/5 | Loss: 0.4227 | Acc: 0.9981 | Time: 16.10s
[GPU 1] Epoch 4/5 | Loss: 0.3663 | Acc: 0.9981 | Time: 16.05s
[GPU 3] Epoch 4/5 | Loss: 0.2726 | Acc: 0.9995 | Time: 16.12s
[GPU 0] Epoch 4/5 | Loss: 0.3435 | Acc: 0.9992 | Time: 15.74s
[GPU 1] Epoch 5/5 | Loss: 0.4004 | Acc: 0.9976 | Time: 14.62s
[GPU 1] Total training time: 78.83 seconds
[GPU 3] Epoch 5/5 | Loss: 0.3412 | Acc: 0.9987 | Time: 14.64s
[GPU 3] Total training time: 78.86 seconds[GPU 2] Epoch 5/5 | Loss: 0.2263 | Acc: 0.9997 | Time: 14.66s

[GPU 2] Total training time: 78.86 seconds
[GPU 0] Epoch 5/5 | Loss: 0.2895 | Acc: 0.9992 | Time: 14.47s
[GPU 0] Total training time: 77.66 seconds
[GPU 0] Speedup: 7.73
[GPU 0] Efficiency: 1.93
Model saved to models/a100/model_ddp_a100_4gpu.pth
Training metrics saved to training_metrics/a100_metrics_4gpu.npz
