[GPU 2] Epoch 1/5 | Loss: 25.8813 | Acc: 0.8763 | Time: 23.18s
[GPU 0] Epoch 1/5 | Loss: 26.1427 | Acc: 0.8656 | Time: 23.19s
[GPU 3] Epoch 1/5 | Loss: 25.8111 | Acc: 0.8731 | Time: 23.19s
[GPU 1] Epoch 1/5 | Loss: 24.9170 | Acc: 0.8776 | Time: 23.19s
[GPU 0] Epoch 2/5 | Loss: 1.7917 | Acc: 0.9915 | Time: 17.89s
[GPU 1] Epoch 2/5 | Loss: 2.0501 | Acc: 0.9888 | Time: 18.25s[GPU 3] Epoch 2/5 | Loss: 2.1845 | Acc: 0.9877 | Time: 18.25s

[GPU 2] Epoch 2/5 | Loss: 1.9255 | Acc: 0.9917 | Time: 18.27s
[GPU 3] Epoch 3/5 | Loss: 0.6511 | Acc: 0.9987 | Time: 17.52s
[GPU 2] Epoch 3/5 | Loss: 0.7259 | Acc: 0.9971 | Time: 17.66s
[GPU 1] Epoch 3/5 | Loss: 0.8359 | Acc: 0.9973 | Time: 17.66s
[GPU 0] Epoch 3/5 | Loss: 0.9212 | Acc: 0.9952 | Time: 17.47s
[GPU 2] Epoch 4/5 | Loss: 0.4957 | Acc: 0.9971 | Time: 17.71s
[GPU 0] Epoch 4/5 | Loss: 0.4603 | Acc: 0.9979 | Time: 17.38s
[GPU 3] Epoch 4/5 | Loss: 0.6295 | Acc: 0.9971 | Time: 17.86s
[GPU 1] Epoch 4/5 | Loss: 0.3918 | Acc: 0.9984 | Time: 17.72s
[GPU 0] Epoch 5/5 | Loss: 0.2879 | Acc: 0.9989 | Time: 18.03s
[GPU 1] Epoch 5/5 | Loss: 0.5513 | Acc: 0.9968 | Time: 18.26s
[GPU 1] Total training time: 95.09 seconds
[GPU 3] Epoch 5/5 | Loss: 0.2874 | Acc: 0.9989 | Time: 18.26s
[GPU 3] Total training time: 95.09 seconds
[GPU 2] Epoch 5/5 | Loss: 0.2495 | Acc: 0.9995 | Time: 18.29s
[GPU 2] Total training time: 95.09 seconds
[GPU 0] Total training time: 93.97 seconds
[GPU 0] Speedup: 6.39
[GPU 0] Efficiency: 1.60
Model saved to models/a100/model_ddp_amp_a100_4gpu.pth
Training metrics saved to training_metrics/a100_metrics_ddp_amp_4gpu.npz
