[GPU 3] Epoch 1/5 | Loss: 26.0870 | Acc: 0.8683 | Time: 24.62s
[GPU 1] Epoch 1/5 | Loss: 25.0183 | Acc: 0.8763 | Time: 26.83s
[GPU 2] Epoch 1/5 | Loss: 25.8043 | Acc: 0.8760 | Time: 24.25s
[GPU 0] Epoch 1/5 | Loss: 26.4700 | Acc: 0.8659 | Time: 27.93s
[GPU 1] Epoch 2/5 | Loss: 2.0308 | Acc: 0.9909 | Time: 15.06s
[GPU 3] Epoch 2/5 | Loss: 1.9974 | Acc: 0.9901 | Time: 15.14s
[GPU 0] Epoch 2/5 | Loss: 1.9376 | Acc: 0.9917 | Time: 14.97s
[GPU 2] Epoch 2/5 | Loss: 1.8795 | Acc: 0.9915 | Time: 15.18s
[GPU 3] Epoch 3/5 | Loss: 0.6132 | Acc: 0.9981 | Time: 11.56s
[GPU 2] Epoch 3/5 | Loss: 0.8369 | Acc: 0.9955 | Time: 11.52s
[GPU 1] Epoch 3/5 | Loss: 0.9751 | Acc: 0.9941 | Time: 11.65s
[GPU 0] Epoch 3/5 | Loss: 0.9089 | Acc: 0.9960 | Time: 11.14s
[GPU 1] Epoch 4/5 | Loss: 0.7549 | Acc: 0.9973 | Time: 14.77s
[GPU 2] Epoch 4/5 | Loss: 0.5995 | Acc: 0.9976 | Time: 14.79s
[GPU 3] Epoch 4/5 | Loss: 0.8605 | Acc: 0.9965 | Time: 14.84s
[GPU 0] Epoch 4/5 | Loss: 0.4549 | Acc: 0.9976 | Time: 14.64s
[GPU 1] Epoch 5/5 | Loss: 0.2505 | Acc: 0.9992 | Time: 12.90s
[GPU 1] Total training time: 81.20 seconds
[GPU 3] Epoch 5/5 | Loss: 0.3254 | Acc: 0.9984 | Time: 12.88s
[GPU 3] Total training time: 79.04 seconds
[GPU 2] Epoch 5/5 | Loss: 0.1928 | Acc: 0.9997 | Time: 12.91s[GPU 0] Epoch 5/5 | Loss: 0.2286 | Acc: 0.9989 | Time: 12.76s

[GPU 2] Total training time: 78.65 seconds
[GPU 0] Total training time: 81.44 seconds
[GPU 0] Speedup: 7.37
[GPU 0] Efficiency: 1.84
Before Save Model
Model saved to models/a100/model_fsdp_amp_a100_4gpu.pth
Before train metrics
Training metrics saved to training_metrics/a100_metrics_fsdp_amp_4gpu.npz
